NAMESPACE            NAME                                             READY   STATUS      RESTARTS      AGE
ingress-nginx        pod/ingress-nginx-admission-create-vm92l         0/1     Completed   0             2m56s
ingress-nginx        pod/ingress-nginx-admission-patch-z9q7g          0/1     Completed   0             2m56s
ingress-nginx        pod/ingress-nginx-controller-5676944cc5-jjmfk    1/1     Running     0             2m56s
kube-system          pod/coredns-7db6d8ff4d-2cw2k                     1/1     Running     0             69m
kube-system          pod/coredns-7db6d8ff4d-pldj9                     1/1     Running     0             69m
kube-system          pod/etcd-kind-control-plane                      1/1     Running     0             69m
kube-system          pod/kindnet-fnzp6                                1/1     Running     0             69m
kube-system          pod/kindnet-hhtcs                                1/1     Running     0             69m
kube-system          pod/kindnet-rd2mv                                1/1     Running     0             69m
kube-system          pod/kindnet-wj2wp                                1/1     Running     0             69m
kube-system          pod/kindnet-z9x8g                                1/1     Running     0             69m
kube-system          pod/kube-apiserver-kind-control-plane            1/1     Running     0             69m
kube-system          pod/kube-controller-manager-kind-control-plane   1/1     Running     0             69m
kube-system          pod/kube-proxy-52r4g                             1/1     Running     0             69m
kube-system          pod/kube-proxy-686h8                             1/1     Running     0             69m
kube-system          pod/kube-proxy-fthpt                             1/1     Running     0             69m
kube-system          pod/kube-proxy-xmzqx                             1/1     Running     0             69m
kube-system          pod/kube-proxy-zsn2g                             1/1     Running     0             69m
kube-system          pod/kube-scheduler-kind-control-plane            1/1     Running     0             69m
local-path-storage   pod/local-path-provisioner-988d74bc-lkzq5        1/1     Running     0             69m
mysql                pod/mysql-stateful-set-0                         1/1     Running     0             57m
mysql                pod/mysql-stateful-set-1                         1/1     Running     0             56m
todoapp              pod/busybox                                      1/1     Running     1 (51m ago)   52m
todoapp              pod/todoapp-deployment-68f6f94597-ntfz2          1/1     Running     0             33m
todoapp              pod/todoapp-deployment-68f6f94597-pc7qk          1/1     Running     0             33m

NAMESPACE       NAME                                         TYPE        CLUSTER-IP      EXTERNAL-IP   PORT(S)                      AGE
default         service/kubernetes                           ClusterIP   10.96.0.1       <none>        443/TCP                      69m
ingress-nginx   service/ingress-nginx-controller             NodePort    10.96.158.37    <none>        80:30806/TCP,443:32346/TCP   2m56s
ingress-nginx   service/ingress-nginx-controller-admission   ClusterIP   10.96.70.152    <none>        443/TCP                      2m56s
kube-system     service/kube-dns                             ClusterIP   10.96.0.10      <none>        53/UDP,53/TCP,9153/TCP       69m
mysql           service/mysql-service                        ClusterIP   None            <none>        3306/TCP                     57m
todoapp         service/todoapp-service                      ClusterIP   10.96.140.214   <none>        80/TCP                       57m

NAMESPACE     NAME                        DESIRED   CURRENT   READY   UP-TO-DATE   AVAILABLE   NODE SELECTOR            AGE
kube-system   daemonset.apps/kindnet      5         5         5       5            5           kubernetes.io/os=linux   69m
kube-system   daemonset.apps/kube-proxy   5         5         5       5            5           kubernetes.io/os=linux   69m

NAMESPACE            NAME                                       READY   UP-TO-DATE   AVAILABLE   AGE
ingress-nginx        deployment.apps/ingress-nginx-controller   1/1     1            1           2m56s
kube-system          deployment.apps/coredns                    2/2     2            2           69m
local-path-storage   deployment.apps/local-path-provisioner     1/1     1            1           69m
todoapp              deployment.apps/todoapp-deployment         2/2     2            2           57m

NAMESPACE            NAME                                                  DESIRED   CURRENT   READY   AGE
ingress-nginx        replicaset.apps/ingress-nginx-controller-5676944cc5   1         1         1       2m56s
kube-system          replicaset.apps/coredns-7db6d8ff4d                    2         2         2       69m
local-path-storage   replicaset.apps/local-path-provisioner-988d74bc       1         1         1       69m
todoapp              replicaset.apps/todoapp-deployment-5f6675fd89         0         0         0       36m
todoapp              replicaset.apps/todoapp-deployment-68f6f94597         2         2         2       33m
todoapp              replicaset.apps/todoapp-deployment-79b95f4c87         0         0         0       57m

NAMESPACE   NAME                                  READY   AGE
mysql       statefulset.apps/mysql-stateful-set   2/2     57m

NAMESPACE   NAME                                              REFERENCE                       TARGETS                                     MINPODS   MAXPODS   REPLICAS   AGE
todoapp     horizontalpodautoscaler.autoscaling/todoapp-hpa   Deployment/todoapp-deployment   cpu: <unknown>/70%, memory: <unknown>/70%   2         5         2          57m

NAMESPACE       NAME                                       STATUS     COMPLETIONS   DURATION   AGE
ingress-nginx   job.batch/ingress-nginx-admission-create   Complete   1/1           13s        2m56s
ingress-nginx   job.batch/ingress-nginx-admission-patch    Complete   1/1           14s        2m56s

NAMESPACE            NAME                                                             DATA   AGE
default              configmap/kube-root-ca.crt                                       1      69m
ingress-nginx        configmap/ingress-nginx-controller                               0      2m56s
ingress-nginx        configmap/kube-root-ca.crt                                       1      2m56s
kube-node-lease      configmap/kube-root-ca.crt                                       1      69m
kube-public          configmap/cluster-info                                           2      69m
kube-public          configmap/kube-root-ca.crt                                       1      69m
kube-system          configmap/coredns                                                1      69m
kube-system          configmap/extension-apiserver-authentication                     6      69m
kube-system          configmap/kube-apiserver-legacy-service-account-token-tracking   1      69m
kube-system          configmap/kube-proxy                                             2      69m
kube-system          configmap/kube-root-ca.crt                                       1      69m
kube-system          configmap/kubeadm-config                                         1      69m
kube-system          configmap/kubelet-config                                         1      69m
local-path-storage   configmap/kube-root-ca.crt                                       1      69m
local-path-storage   configmap/local-path-config                                      4      69m
mysql                configmap/kube-root-ca.crt                                       1      57m
mysql                configmap/mysql-config                                           1      57m
todoapp              configmap/kube-root-ca.crt                                       1      57m
todoapp              configmap/todoapp-config                                         1      57m

NAMESPACE       NAME                                           TYPE                            DATA   AGE
default         secret/sh.helm.release.v1.todoapp-release.v1   helm.sh/release.v1              1      57m
default         secret/sh.helm.release.v1.todoapp-release.v2   helm.sh/release.v1              1      36m
default         secret/sh.helm.release.v1.todoapp-release.v3   helm.sh/release.v1              1      33m
default         secret/sh.helm.release.v1.todoapp-release.v4   helm.sh/release.v1              1      3m4s
default         secret/sh.helm.release.v1.todoapp-release.v5   helm.sh/release.v1              1      2m53s
default         secret/sh.helm.release.v1.todoapp-release.v6   helm.sh/release.v1              1      2m11s
default         secret/sh.helm.release.v1.todoapp-release.v7   helm.sh/release.v1              1      66s
ingress-nginx   secret/ingress-nginx-admission                 Opaque                          3      2m46s
kube-system     secret/bootstrap-token-abcdef                  bootstrap.kubernetes.io/token   6      69m
mysql           secret/mysql-secret                            Opaque                          4      57m
todoapp         secret/todoapp-secret                          Opaque                          5      57m

NAMESPACE   NAME                                        CLASS    HOSTS   ADDRESS     PORTS   AGE
todoapp     ingress.networking.k8s.io/todoapp-ingress   <none>   *       localhost   80      3m4s
